<?xml version="1.0" encoding="UTF-8"?>
<!-- Generated by org.testng.reporters.JUnitReportReporter -->
<testsuite hostname="GDILP-196" name="com.droom.Test.CreateQuickSellListingPageTest" tests="1" failures="0" timestamp="24 Jun 2020 12:11:13 GMT" time="66.239" errors="0">
  <testcase name="createQuickSellListingTest" time="66.239" classname="com.droom.Test.CreateQuickSellListingPageTest"/>
</testsuite> <!-- com.droom.Test.CreateQuickSellListingPageTest -->
