<?xml version="1.0" encoding="UTF-8"?>
<!-- Generated by org.testng.reporters.JUnitReportReporter -->
<testsuite hostname="GDILP-196" name="com.droom.HomePageTest" tests="1" failures="0" timestamp="23 Jun 2020 11:00:43 GMT" time="4.490" errors="0">
  <testcase name="homePageTest" time="4.490" classname="com.droom.HomePageTest"/>
</testsuite> <!-- com.droom.HomePageTest -->
