<?xml version="1.0" encoding="UTF-8"?>
<!-- Generated by org.testng.reporters.JUnitReportReporter -->
<testsuite hostname="GDILP-196" name="com.droom.Test.HomePageTest" tests="1" failures="0" timestamp="24 Jun 2020 10:13:13 GMT" time="4.482" errors="0">
  <testcase name="homePageTest" time="4.482" classname="com.droom.Test.HomePageTest"/>
</testsuite> <!-- com.droom.Test.HomePageTest -->
