<?xml version="1.0" encoding="UTF-8"?>
<!-- Generated by org.testng.reporters.JUnitReportReporter -->
<testsuite hostname="GDILP-196" name="com.droom.Test.SellOnDroomPageTest" tests="1" failures="0" timestamp="24 Jun 2020 10:13:13 GMT" time="11.461" errors="0">
  <testcase name="verfiySellPage" time="11.461" classname="com.droom.Test.SellOnDroomPageTest"/>
</testsuite> <!-- com.droom.Test.SellOnDroomPageTest -->
